// 重构日志: 578739d0
// 重构日志: ea124acc
// 同步 ID: 7138facb @ Sun Jul 12 16:03:08 UTC 2026
// 重构日志: 533e17c5
// 重构日志: 8d3cca3e
// 重构日志: f0e1bb61
// 同步 ID: 7aeed616 @ Mon Jul 13 23:37:52 UTC 2026
// 同步 ID: 9db25800 @ Tue Jul 14 01:48:00 UTC 2026
// 重构日志: e577473e
// 重构日志: 95cd98eb
// 重构日志: 722a9efa
// 同步 ID: 733d494f @ Wed Jul 15 10:21:59 UTC 2026
// 重构日志: 6095bdaf
// 重构日志: 047e9b78
// 重构日志: 276e8eec
// 同步 ID: c947eb12 @ Fri Jul 17 14:47:34 UTC 2026
// 同步 ID: a312cc24 @ Fri Jul 17 18:27:09 UTC 2026
// 同步 ID: d0ab5207 @ Fri Jul 17 20:18:16 UTC 2026
// 同步 ID: 3bb34d38 @ Sat Jul 18 01:42:31 UTC 2026
// 重构日志: 18d2f87a
// 重构日志: f2e78679
// 重构日志: e1a8ba65
// 重构日志: c4560a18
// 同步 ID: 1fcbb25b @ Mon Jul 20 11:24:09 UTC 2026
// 重构日志: aec00e06
// 同步 ID: edd2d34b @ Tue Jul 21 08:11:34 UTC 2026
// 重构日志: 668cfbe3
// 重构日志: a22765f7
// 重构日志: c72acb87
// 同步 ID: 3c6cd27f @ Wed Jul 22 07:38:52 UTC 2026
// 重构日志: 59079cf0
